(cmaxime)Running: -> make_coffee		[ exec-time = 0:00:00 ms ]
(cmaxime)Running: -> make_coffee		[ exec-time = 0:00:00 ms ]
(cmaxime)Running: -> make_coffee		[ exec-time = 0:00:00 ms ]
(cmaxime)Running: -> make_coffee		[ exec-time = 0:00:00 ms ]
(cmaxime)Running: -> make_coffee		[ exec-time = 0:00:00 ms ]
(cmaxime)Running: -> make_coffee		[ exec-time = 0:00:00 ms ]
(cmaxime)Running: -> add_water		[ exec-time = 0:00:00 ms ]
(cmaxime)Running: -> make_coffee		[ exec-time = 0.000673 ms ]
(cmaxime)Running: -> make_coffee		[ exec-time = 5.2e-05 ms ]
(cmaxime)Running: -> make_coffee		[ exec-time = 8.6e-05 ms ]
(cmaxime)Running: -> make_coffee		[ exec-time = 8.7e-05 ms ]
(cmaxime)Running: -> make_coffee		[ exec-time = 4.7e-05 ms ]
(cmaxime)Running: -> make_coffee		[ exec-time = 0.00013 ms ]
(cmaxime)Running: -> add_water		[ exec-time = 5.1e-05 ms ]
(cmaxime)Running: -> make_coffee		[ exec-time = 1.561111111111111e-07 ms ]
(cmaxime)Running: -> make_coffee		[ exec-time = 2.1111111111111114e-08 ms ]
(cmaxime)Running: -> make_coffee		[ exec-time = 3.1666666666666666e-08 ms ]
(cmaxime)Running: -> make_coffee		[ exec-time = 1.9444444444444442e-08 ms ]
(cmaxime)Running: -> make_coffee		[ exec-time = 1.9444444444444442e-08 ms ]
(cmaxime)Running: -> make_coffee		[ exec-time = 2.2222222222222224e-08 ms ]
(cmaxime)Running: -> add_water		[ exec-time = 2.777777777777778e-08 ms ]
(cmaxime)Running: -> make_coffee		[ exec-time = 0.000555 ms ]
(cmaxime)Running: -> make_coffee		[ exec-time = 4.7e-05 ms ]
(cmaxime)Running: -> make_coffee		[ exec-time = 0.000127 ms ]
(cmaxime)Running: -> make_coffee		[ exec-time = 8.3e-05 ms ]
(cmaxime)Running: -> make_coffee		[ exec-time = 7.4e-05 ms ]
(cmaxime)Running: -> make_coffee		[ exec-time = 8.5e-05 ms ]
(cmaxime)Running: -> add_water		[ exec-time = 0.000109 ms ]
(cmaxime)Running: -> make_coffee		[ exec-time = 8.694444444444444e-08 ms ]
(cmaxime)Running: -> make_coffee		[ exec-time = 1.2222222222222222e-08 ms ]
(cmaxime)Running: -> make_coffee		[ exec-time = 3.1666666666666666e-08 ms ]
(cmaxime)Running: -> make_coffee		[ exec-time = 3.8055555555555557e-08 ms ]
(cmaxime)Running: -> make_coffee		[ exec-time = 3.472222222222222e-08 ms ]
(cmaxime)Running: -> make_coffee		[ exec-time = 2.5833333333333333e-08 ms ]
(cmaxime)Running: -> add_water		[ exec-time = 2.3611111111111113e-08 ms ]
(cmaxime)Running: -> make_coffee		[ exec-time = 0:00:00.000281 ms ]
(cmaxime)Running: -> make_coffee		[ exec-time = 0:00:00.000041 ms ]
(cmaxime)Running: -> make_coffee		[ exec-time = 0:00:00.000088 ms ]
(cmaxime)Running: -> make_coffee		[ exec-time = 0:00:00.000125 ms ]
(cmaxime)Running: -> make_coffee		[ exec-time = 0:00:00.000066 ms ]
(cmaxime)Running: -> make_coffee		[ exec-time = 0:00:00.000094 ms ]
(cmaxime)Running: -> add_water		[ exec-time = 0:00:00.000102 ms ]
(cmaxime)Running: -> make_coffee		[ exec-time = 0:00:00.004474 ms ]
(cmaxime)Running: -> make_coffee		[ exec-time = 0:00:00.000081 ms ]
(cmaxime)Running: -> make_coffee		[ exec-time = 0:00:00.000055 ms ]
(cmaxime)Running: -> make_coffee		[ exec-time = 0:00:00.000087 ms ]
(cmaxime)Running: -> make_coffee		[ exec-time = 0:00:00.000106 ms ]
(cmaxime)Running: -> make_coffee		[ exec-time = 0:00:00.000050 ms ]
(cmaxime)Running: -> add_water		[ exec-time = 0:00:00.000053 ms ]
